<?xml version="1.0" encoding="utf-8"?><testsuites name="pytest tests"><testsuite name="pytest" errors="0" failures="0" skipped="0" tests="16" time="3.505" timestamp="2026-05-28T18:57:41.604584+00:00" hostname="agent-env-519c4700-71a2-4de9-afcd-0d97b814e3aa"><testcase classname="backend.tests.backend_test.TestHealth" name="test_root" time="0.682" /><testcase classname="backend.tests.backend_test.TestSeedAndData" name="test_seed" time="0.055" /><testcase classname="backend.tests.backend_test.TestSeedAndData" name="test_get_data_after_seed" time="0.050" /><testcase classname="backend.tests.backend_test.TestProfesor" name="test_create_profesor_and_persist" time="0.110" /><testcase classname="backend.tests.backend_test.TestProfesor" name="test_delete_profesor_cascades_materias" time="0.312" /><testcase classname="backend.tests.backend_test.TestGrupo" name="test_create_grupo" time="0.055" /><testcase classname="backend.tests.backend_test.TestGrupo" name="test_delete_grupo_cascades_materias" time="0.317" /><testcase classname="backend.tests.backend_test.TestMateria" name="test_create_and_delete_materia" time="0.373" /><testcase classname="backend.tests.backend_test.TestConfig" name="test_update_config" time="0.169" /><testcase classname="backend.tests.backend_test.TestCSVUpload" name="test_upload_csv_idempotent" time="0.435" /><testcase classname="backend.tests.backend_test.TestCSVUpload" name="test_upload_csv_missing_columns" time="0.145" /><testcase classname="backend.tests.backend_test.TestGenerate" name="test_generate_400_when_no_materias" time="0.106" /><testcase classname="backend.tests.backend_test.TestGenerate" name="test_generate_400_invalid_horas" time="0.105" /><testcase classname="backend.tests.backend_test.TestGenerate" name="test_generate_success_and_counts" time="0.185" /><testcase classname="backend.tests.backend_test.TestLastSchedule" name="test_last_schedule_returns_after_generate" time="0.057" /><testcase classname="backend.tests.backend_test.TestClear" name="test_clear_empties_collections" time="0.115" /></testsuite></testsuites>